<?xml version="1.0" encoding="UTF-8"?>
<!-- Generated by org.testng.reporters.JUnitXMLReporter -->
<testsuite hostname="KudzeDev" ignored="0" name="Default test" tests="3" failures="0" timestamp="2020-11-11T17:56:52 EST" time="6.288" errors="0">
  <testcase name="jsAlerts" time="1.105" classname="theInternet.tests.JSAlerts"/>
  <testcase name="jsConfirm" time="1.067" classname="theInternet.tests.JSAlerts"/>
  <testcase name="jsPrompt" time="1.071" classname="theInternet.tests.JSAlerts"/>
</testsuite> <!-- Default test -->
