<?xml version="1.0" encoding="UTF-8"?>
<!-- Generated by org.testng.reporters.JUnitXMLReporter -->
<testsuite hostname="KudzeDev" ignored="2" name="Default test" tests="1" failures="0" timestamp="2020-11-04T15:46:09 EST" time="2.614" errors="0">
  <testcase name="addRemoveElements" time="1.903" classname="com.TheInternet.www.TheInternet"/>
  <testcase name="title" time="0.0" classname="com.TheInternet.www.TheInternet">
    <ignored/>
  </testcase> <!-- title -->
  <testcase name="dropdown" time="0.0" classname="com.TheInternet.www.TheInternet">
    <ignored/>
  </testcase> <!-- dropdown -->
</testsuite> <!-- Default test -->
