<?xml version="1.0" encoding="UTF-8"?>
<!-- Generated by org.testng.reporters.JUnitXMLReporter -->
<testsuite hostname="KudzeDev" ignored="0" name="Unit1" tests="25" failures="1" timestamp="2020-11-11T20:33:12 EST" time="62.85" errors="0">
  <testcase name="newWindow" time="2.8" classname="theInternet.tests.OpeningWindow"/>
  <testcase name="slider" time="0.726" classname="theInternet.tests.HorizontalSlider"/>
  <testcase name="jsAlerts" time="1.098" classname="theInternet.tests.JSAlerts"/>
  <testcase name="jsConfirm" time="1.123" classname="theInternet.tests.JSAlerts"/>
  <testcase name="jsPrompt" time="1.139" classname="theInternet.tests.JSAlerts"/>
  <testcase name="addElements" time="0.799" classname="theInternet.tests.AddRemove"/>
  <testcase name="addremoveElements" time="1.063" classname="theInternet.tests.AddRemove"/>
  <testcase name="auth" time="0.548" classname="theInternet.tests.BasicAuth"/>
  <testcase name="inputNumber" time="0.9" classname="theInternet.tests.Tables"/>
  <testcase name="redirect" time="0.656" classname="theInternet.tests.Redirection"/>
  <testcase name="checkbox" time="3.162" classname="theInternet.tests.Checkboxes"/>
  <testcase name="jsError" time="0.191" classname="theInternet.tests.JSError"/>
  <testcase name="login" time="1.9" classname="theInternet.tests.FormAuth"/>
  <testcase name="checkbox" time="1.899" classname="theInternet.tests.ContexMenu"/>
  <testcase name="shadowDOM" time="0.657" classname="theInternet.tests.ShadowDom"/>
  <testcase name="chrome" time="0.965" classname="theInternet.tests.FileDownload"/>
  <testcase name="checkbox" time="7.935" classname="theInternet.tests.DragNDrop"/>
  <testcase name="home" time="7.434" classname="theInternet.tests.EntryAdd"/>
  <testcase name="title" time="0.458" classname="theInternet.tests.IndexPageTitle"/>
  <testcase name="notificationCheck" time="2.323" classname="theInternet.tests.NotificationMessage"/>
  <testcase name="dropdown" time="0.542" classname="theInternet.tests.DropDown"/>
  <testcase name="portfolio" time="6.545" classname="theInternet.tests.DisappearingElements"/>
  <testcase name="keyPress" time="0.514" classname="theInternet.tests.KeyPresses">
    <failure type="java.lang.AssertionError" message="expected [You entered: ENTER] but found []">
      <![CDATA[java.lang.AssertionError: expected [You entered: ENTER] but found []
at theInternet.tests.KeyPresses.keyPress(KeyPresses.java:15)
at java.util.ArrayList.forEach(ArrayList.java:1259)
... Removed 33 stack frames]]>
    </failure>
  </testcase> <!-- keyPress -->
  <testcase name="moveMouseOut" time="3.602" classname="theInternet.tests.ExitIntent"/>
  <testcase name="inputNumber" time="0.518" classname="theInternet.tests.InputNumber"/>
</testsuite> <!-- Unit1 -->
