<?xml version="1.0" encoding="UTF-8"?>
<!-- Generated by org.testng.reporters.JUnitXMLReporter -->
<testsuite hostname="KudzeDev" ignored="0" name="Unit1" tests="20" failures="2" timestamp="2020-11-11T15:32:55 EST" time="50.227" errors="0">
  <testcase name="newWindow" time="0.629" classname="theInternet.tests.OpeningWindow"/>
  <testcase name="slider" time="0.535" classname="theInternet.tests.HorizontalSlider"/>
  <testcase name="addElements" time="0.652" classname="theInternet.tests.AddRemove"/>
  <testcase name="addremoveElements" time="0.912" classname="theInternet.tests.AddRemove"/>
  <testcase name="auth" time="0.58" classname="theInternet.tests.BasicAuth"/>
  <testcase name="inputNumber" time="1.071" classname="theInternet.tests.Tables"/>
  <testcase name="redirect" time="0.683" classname="theInternet.tests.Redirection"/>
  <testcase name="checkbox" time="0.929" classname="theInternet.tests.Checkboxes"/>
  <testcase name="login" time="2.838" classname="theInternet.tests.FormAuth"/>
  <testcase name="checkbox" time="1.585" classname="theInternet.tests.ContexMenu"/>
  <testcase name="shadowDOM" time="0.434" classname="theInternet.tests.ShadowDom"/>
  <testcase name="chrome" time="0.862" classname="theInternet.tests.FileDownload"/>
  <testcase name="checkbox" time="7.489" classname="theInternet.tests.DragNDrop">
    <failure type="java.lang.AssertionError" message="did not expect [A] but found [A]">
      <![CDATA[java.lang.AssertionError: did not expect [A] but found [A]
at theInternet.tests.DragNDrop.checkbox(DragNDrop.java:16)
at java.util.ArrayList.forEach(ArrayList.java:1259)
... Removed 32 stack frames]]>
    </failure>
  </testcase> <!-- checkbox -->
  <testcase name="home" time="7.46" classname="theInternet.tests.EntryAdd"/>
  <testcase name="title" time="0.633" classname="theInternet.tests.IndexPageTitle"/>
  <testcase name="notificationCheck" time="2.201" classname="theInternet.tests.NotificationMessage"/>
  <testcase name="dropdown" time="0.685" classname="theInternet.tests.DropDown"/>
  <testcase name="portfolio" time="6.732" classname="theInternet.tests.DisappearingElements">
    <failure type="java.lang.AssertionError" message="did not expect [4] but found [4]">
      <![CDATA[java.lang.AssertionError: did not expect [4] but found [4]
at theInternet.tests.DisappearingElements.portfolio(DisappearingElements.java:17)
at java.util.ArrayList.forEach(ArrayList.java:1259)
... Removed 32 stack frames]]>
    </failure>
  </testcase> <!-- portfolio -->
  <testcase name="moveMouseOut" time="3.552" classname="theInternet.tests.ExitIntent"/>
  <testcase name="inputNumber" time="0.47" classname="theInternet.tests.InputNumber"/>
</testsuite> <!-- Unit1 -->
