<?xml version="1.0" encoding="UTF-8"?>
<testng-results skipped="0" failed="1" ignored="0" total="10" passed="9">
  <reporter-output>
  </reporter-output>
  <suite name="Suite1" duration-ms="13790" started-at="2020-11-09T15:45:20 EST" finished-at="2020-11-09T15:45:34 EST">
    <groups>
    </groups>
    <test name="Unit1" duration-ms="13790" started-at="2020-11-09T15:45:20 EST" finished-at="2020-11-09T15:45:34 EST">
      <class name="com.TheInternet.www.tests.IndexPageTitle">
        <test-method status="PASS" signature="beforeMethod()[pri:0, instance:com.TheInternet.www.tests.IndexPageTitle@4d95d2a2]" name="beforeMethod" is-config="true" duration-ms="443" started-at="2020-11-09T15:45:30 EST" finished-at="2020-11-09T15:45:30 EST">
          <reporter-output>
          </reporter-output>
        </test-method> <!-- beforeMethod -->
        <test-method status="PASS" signature="title()[pri:0, instance:com.TheInternet.www.tests.IndexPageTitle@4d95d2a2]" name="title" duration-ms="357" started-at="2020-11-09T15:45:30 EST" finished-at="2020-11-09T15:45:31 EST">
          <reporter-output>
          </reporter-output>
        </test-method> <!-- title -->
        <test-method status="PASS" signature="afterMethod()[pri:0, instance:com.TheInternet.www.tests.IndexPageTitle@4d95d2a2]" name="afterMethod" is-config="true" duration-ms="54" started-at="2020-11-09T15:45:31 EST" finished-at="2020-11-09T15:45:31 EST">
          <reporter-output>
          </reporter-output>
        </test-method> <!-- afterMethod -->
      </class> <!-- com.TheInternet.www.tests.IndexPageTitle -->
      <class name="com.TheInternet.www.tests.Checkboxes">
        <test-method status="PASS" signature="beforeMethod()[pri:0, instance:com.TheInternet.www.tests.Checkboxes@5f282abb]" name="beforeMethod" is-config="true" duration-ms="390" started-at="2020-11-09T15:45:25 EST" finished-at="2020-11-09T15:45:25 EST">
          <reporter-output>
          </reporter-output>
        </test-method> <!-- beforeMethod -->
        <test-method status="PASS" signature="checkbox()[pri:0, instance:com.TheInternet.www.tests.Checkboxes@5f282abb]" name="checkbox" duration-ms="495" started-at="2020-11-09T15:45:25 EST" finished-at="2020-11-09T15:45:26 EST">
          <reporter-output>
          </reporter-output>
        </test-method> <!-- checkbox -->
        <test-method status="PASS" signature="afterMethod()[pri:0, instance:com.TheInternet.www.tests.Checkboxes@5f282abb]" name="afterMethod" is-config="true" duration-ms="53" started-at="2020-11-09T15:45:26 EST" finished-at="2020-11-09T15:45:26 EST">
          <reporter-output>
          </reporter-output>
        </test-method> <!-- afterMethod -->
      </class> <!-- com.TheInternet.www.tests.Checkboxes -->
      <class name="com.TheInternet.www.tests.Tables">
        <test-method status="PASS" signature="beforeMethod()[pri:0, instance:com.TheInternet.www.tests.Tables@1d29cf23]" name="beforeMethod" is-config="true" duration-ms="401" started-at="2020-11-09T15:45:23 EST" finished-at="2020-11-09T15:45:23 EST">
          <reporter-output>
          </reporter-output>
        </test-method> <!-- beforeMethod -->
        <test-method status="PASS" signature="inputNumber()[pri:0, instance:com.TheInternet.www.tests.Tables@1d29cf23]" name="inputNumber" duration-ms="1212" started-at="2020-11-09T15:45:23 EST" finished-at="2020-11-09T15:45:25 EST">
          <reporter-output>
          </reporter-output>
        </test-method> <!-- inputNumber -->
        <test-method status="PASS" signature="afterMethod()[pri:0, instance:com.TheInternet.www.tests.Tables@1d29cf23]" name="afterMethod" is-config="true" duration-ms="53" started-at="2020-11-09T15:45:25 EST" finished-at="2020-11-09T15:45:25 EST">
          <reporter-output>
          </reporter-output>
        </test-method> <!-- afterMethod -->
      </class> <!-- com.TheInternet.www.tests.Tables -->
      <class name="com.TheInternet.www.tests.InputNumber">
        <test-method status="PASS" signature="beforeMethod()[pri:0, instance:com.TheInternet.www.tests.InputNumber@1786dec2]" name="beforeMethod" is-config="true" duration-ms="452" started-at="2020-11-09T15:45:32 EST" finished-at="2020-11-09T15:45:33 EST">
          <reporter-output>
          </reporter-output>
        </test-method> <!-- beforeMethod -->
        <test-method status="PASS" signature="inputNumber()[pri:0, instance:com.TheInternet.www.tests.InputNumber@1786dec2]" name="inputNumber" duration-ms="1167" started-at="2020-11-09T15:45:33 EST" finished-at="2020-11-09T15:45:34 EST">
          <reporter-output>
          </reporter-output>
        </test-method> <!-- inputNumber -->
        <test-method status="PASS" signature="afterMethod()[pri:0, instance:com.TheInternet.www.tests.InputNumber@1786dec2]" name="afterMethod" is-config="true" duration-ms="53" started-at="2020-11-09T15:45:34 EST" finished-at="2020-11-09T15:45:34 EST">
          <reporter-output>
          </reporter-output>
        </test-method> <!-- afterMethod -->
      </class> <!-- com.TheInternet.www.tests.InputNumber -->
      <class name="com.TheInternet.www.tests.DisappearingElements">
        <test-method status="PASS" signature="beforeMethod()[pri:0, instance:com.TheInternet.www.tests.DisappearingElements@3b088d51]" name="beforeMethod" is-config="true" duration-ms="448" started-at="2020-11-09T15:45:32 EST" finished-at="2020-11-09T15:45:32 EST">
          <reporter-output>
          </reporter-output>
        </test-method> <!-- beforeMethod -->
        <test-method status="PASS" signature="portfolio()[pri:0, instance:com.TheInternet.www.tests.DisappearingElements@3b088d51]" name="portfolio" duration-ms="473" started-at="2020-11-09T15:45:32 EST" finished-at="2020-11-09T15:45:32 EST">
          <reporter-output>
          </reporter-output>
        </test-method> <!-- portfolio -->
        <test-method status="PASS" signature="afterMethod()[pri:0, instance:com.TheInternet.www.tests.DisappearingElements@3b088d51]" name="afterMethod" is-config="true" duration-ms="54" started-at="2020-11-09T15:45:32 EST" finished-at="2020-11-09T15:45:32 EST">
          <reporter-output>
          </reporter-output>
        </test-method> <!-- afterMethod -->
      </class> <!-- com.TheInternet.www.tests.DisappearingElements -->
      <class name="com.TheInternet.www.tests.DropDown">
        <test-method status="PASS" signature="beforeMethod()[pri:0, instance:com.TheInternet.www.tests.DropDown@53f65459]" name="beforeMethod" is-config="true" duration-ms="406" started-at="2020-11-09T15:45:31 EST" finished-at="2020-11-09T15:45:31 EST">
          <reporter-output>
          </reporter-output>
        </test-method> <!-- beforeMethod -->
        <test-method status="PASS" signature="dropdown()[pri:0, instance:com.TheInternet.www.tests.DropDown@53f65459]" name="dropdown" duration-ms="470" started-at="2020-11-09T15:45:31 EST" finished-at="2020-11-09T15:45:31 EST">
          <reporter-output>
          </reporter-output>
        </test-method> <!-- dropdown -->
        <test-method status="PASS" signature="afterMethod()[pri:0, instance:com.TheInternet.www.tests.DropDown@53f65459]" name="afterMethod" is-config="true" duration-ms="53" started-at="2020-11-09T15:45:31 EST" finished-at="2020-11-09T15:45:32 EST">
          <reporter-output>
          </reporter-output>
        </test-method> <!-- afterMethod -->
      </class> <!-- com.TheInternet.www.tests.DropDown -->
      <class name="com.TheInternet.www.tests.ContexMenu">
        <test-method status="PASS" signature="beforeMethod()[pri:0, instance:com.TheInternet.www.tests.ContexMenu@167fdd33]" name="beforeMethod" is-config="true" duration-ms="393" started-at="2020-11-09T15:45:26 EST" finished-at="2020-11-09T15:45:26 EST">
          <reporter-output>
          </reporter-output>
        </test-method> <!-- beforeMethod -->
        <test-method status="PASS" signature="checkbox()[pri:0, instance:com.TheInternet.www.tests.ContexMenu@167fdd33]" name="checkbox" duration-ms="1459" started-at="2020-11-09T15:45:26 EST" finished-at="2020-11-09T15:45:28 EST">
          <reporter-output>
          </reporter-output>
        </test-method> <!-- checkbox -->
        <test-method status="PASS" signature="afterMethod()[pri:0, instance:com.TheInternet.www.tests.ContexMenu@167fdd33]" name="afterMethod" is-config="true" duration-ms="56" started-at="2020-11-09T15:45:28 EST" finished-at="2020-11-09T15:45:28 EST">
          <reporter-output>
          </reporter-output>
        </test-method> <!-- afterMethod -->
      </class> <!-- com.TheInternet.www.tests.ContexMenu -->
      <class name="com.TheInternet.www.tests.DragNDrop">
        <test-method status="PASS" signature="beforeMethod()[pri:0, instance:com.TheInternet.www.tests.DragNDrop@1e965684]" name="beforeMethod" is-config="true" duration-ms="410" started-at="2020-11-09T15:45:28 EST" finished-at="2020-11-09T15:45:28 EST">
          <reporter-output>
          </reporter-output>
        </test-method> <!-- beforeMethod -->
        <test-method status="FAIL" signature="checkbox()[pri:0, instance:com.TheInternet.www.tests.DragNDrop@1e965684]" name="checkbox" duration-ms="1661" started-at="2020-11-09T15:45:28 EST" finished-at="2020-11-09T15:45:30 EST">
          <exception class="java.lang.AssertionError">
            <message>
              <![CDATA[did not expect [A] but found [A]]]>
            </message>
            <full-stacktrace>
              <![CDATA[java.lang.AssertionError: did not expect [A] but found [A]
at org.testng.Assert.fail(Assert.java:99)
at org.testng.Assert.failEquals(Assert.java:1041)
at org.testng.Assert.assertNotEqualsImpl(Assert.java:147)
at org.testng.Assert.assertNotEquals(Assert.java:1531)
at org.testng.Assert.assertNotEquals(Assert.java:1535)
at com.TheInternet.www.tests.DragNDrop.checkbox(DragNDrop.java:16)
at sun.reflect.NativeMethodAccessorImpl.invoke0(Native Method)
at sun.reflect.NativeMethodAccessorImpl.invoke(NativeMethodAccessorImpl.java:62)
at sun.reflect.DelegatingMethodAccessorImpl.invoke(DelegatingMethodAccessorImpl.java:43)
at java.lang.reflect.Method.invoke(Method.java:498)
at org.testng.internal.MethodInvocationHelper.invokeMethod(MethodInvocationHelper.java:132)
at org.testng.internal.TestInvoker.invokeMethod(TestInvoker.java:599)
at org.testng.internal.TestInvoker.invokeTestMethod(TestInvoker.java:174)
at org.testng.internal.MethodRunner.runInSequence(MethodRunner.java:46)
at org.testng.internal.TestInvoker$MethodInvocationAgent.invoke(TestInvoker.java:822)
at org.testng.internal.TestInvoker.invokeTestMethods(TestInvoker.java:147)
at org.testng.internal.TestMethodWorker.invokeTestMethods(TestMethodWorker.java:146)
at org.testng.internal.TestMethodWorker.run(TestMethodWorker.java:128)
at java.util.ArrayList.forEach(ArrayList.java:1259)
at org.testng.TestRunner.privateRun(TestRunner.java:764)
at org.testng.TestRunner.run(TestRunner.java:585)
at org.testng.SuiteRunner.runTest(SuiteRunner.java:384)
at org.testng.SuiteRunner.runSequentially(SuiteRunner.java:378)
at org.testng.SuiteRunner.privateRun(SuiteRunner.java:337)
at org.testng.SuiteRunner.run(SuiteRunner.java:286)
at org.testng.SuiteRunnerWorker.runSuite(SuiteRunnerWorker.java:53)
at org.testng.SuiteRunnerWorker.run(SuiteRunnerWorker.java:96)
at org.testng.TestNG.runSuitesSequentially(TestNG.java:1218)
at org.testng.TestNG.runSuitesLocally(TestNG.java:1140)
at org.testng.TestNG.runSuites(TestNG.java:1069)
at org.testng.TestNG.run(TestNG.java:1037)
at org.testng.remote.AbstractRemoteTestNG.run(AbstractRemoteTestNG.java:115)
at org.testng.remote.RemoteTestNG.initAndRun(RemoteTestNG.java:251)
at org.testng.remote.RemoteTestNG.main(RemoteTestNG.java:77)
]]>
            </full-stacktrace>
          </exception> <!-- java.lang.AssertionError -->
          <reporter-output>
          </reporter-output>
        </test-method> <!-- checkbox -->
        <test-method status="PASS" signature="afterMethod()[pri:0, instance:com.TheInternet.www.tests.DragNDrop@1e965684]" name="afterMethod" is-config="true" duration-ms="54" started-at="2020-11-09T15:45:30 EST" finished-at="2020-11-09T15:45:30 EST">
          <reporter-output>
          </reporter-output>
        </test-method> <!-- afterMethod -->
      </class> <!-- com.TheInternet.www.tests.DragNDrop -->
      <class name="com.TheInternet.www.tests.AddRemove">
        <test-method status="PASS" signature="beforeMethod()[pri:0, instance:com.TheInternet.www.tests.AddRemove@27a5f880]" name="beforeMethod" is-config="true" duration-ms="657" started-at="2020-11-09T15:45:20 EST" finished-at="2020-11-09T15:45:21 EST">
          <reporter-output>
          </reporter-output>
        </test-method> <!-- beforeMethod -->
        <test-method status="PASS" signature="addElements()[pri:0, instance:com.TheInternet.www.tests.AddRemove@27a5f880]" name="addElements" duration-ms="684" started-at="2020-11-09T15:45:21 EST" finished-at="2020-11-09T15:45:22 EST">
          <reporter-output>
          </reporter-output>
        </test-method> <!-- addElements -->
        <test-method status="PASS" signature="afterMethod()[pri:0, instance:com.TheInternet.www.tests.AddRemove@27a5f880]" name="afterMethod" is-config="true" duration-ms="56" started-at="2020-11-09T15:45:22 EST" finished-at="2020-11-09T15:45:22 EST">
          <reporter-output>
          </reporter-output>
        </test-method> <!-- afterMethod -->
        <test-method status="PASS" signature="beforeMethod()[pri:0, instance:com.TheInternet.www.tests.AddRemove@27a5f880]" name="beforeMethod" is-config="true" duration-ms="370" started-at="2020-11-09T15:45:22 EST" finished-at="2020-11-09T15:45:22 EST">
          <reporter-output>
          </reporter-output>
        </test-method> <!-- beforeMethod -->
        <test-method status="PASS" signature="addremoveElements()[pri:0, instance:com.TheInternet.www.tests.AddRemove@27a5f880]" name="addremoveElements" duration-ms="876" started-at="2020-11-09T15:45:22 EST" finished-at="2020-11-09T15:45:23 EST">
          <reporter-output>
          </reporter-output>
        </test-method> <!-- addremoveElements -->
        <test-method status="PASS" signature="afterMethod()[pri:0, instance:com.TheInternet.www.tests.AddRemove@27a5f880]" name="afterMethod" is-config="true" duration-ms="53" started-at="2020-11-09T15:45:23 EST" finished-at="2020-11-09T15:45:23 EST">
          <reporter-output>
          </reporter-output>
        </test-method> <!-- afterMethod -->
      </class> <!-- com.TheInternet.www.tests.AddRemove -->
    </test> <!-- Unit1 -->
  </suite> <!-- Suite1 -->
</testng-results>
